app/build/outputs/logs/manifest-merger-debug-report.txt
-- Merging decision tree log ---
manifest
ADDED from src\main\AndroidManifest.xml:22:1-128:12
INJECTED from src\main\AndroidManifest.xml:22:1-128:12
INJECTED from src\main\AndroidManifest.xml:22:1-128:12
	package
		ADDED from src\main\AndroidManifest.xml:24:5-42
		INJECTED from src\main\AndroidManifest.xml
		INJECTED from src\main\AndroidManifest.xml
	xmlns:tools
		ADDED from src\main\AndroidManifest.xml:23:5-51
	xmlns:android
		ADDED from src\main\AndroidManifest.xml:22:11-69
application
ADDED from src\main\AndroidManifest.xml:26:5-126:19
	android:label
		ADDED from src\main\AndroidManifest.xml:27:9-41
	android:icon
		ADDED from src\main\AndroidManifest.xml:26:18-52
provider#com.example.android.notepad.NotePadProvider
ADDED from src\main\AndroidManifest.xml:29:9-33:20
	android:authorities
		ADDED from src\main\AndroidManifest.xml:30:13-62
	android:exported
		ADDED from src\main\AndroidManifest.xml:31:13-37
	android:name
		ADDED from src\main\AndroidManifest.xml:29:19-49
grant-uri-permission
ADDED from src\main\AndroidManifest.xml:32:13-62
	android:pathPattern
		ADDED from src\main\AndroidManifest.xml:32:35-59
activity#com.example.android.notepad.NotesList
ADDED from src\main\AndroidManifest.xml:35:9-54:20
	android:label
		ADDED from src\main\AndroidManifest.xml:35:44-84
	android:theme
		ADDED from src\main\AndroidManifest.xml:36:13-60
	android:name
		ADDED from src\main\AndroidManifest.xml:35:19-43
intent-filter#action:name:android.intent.action.MAIN+category:name:android.intent.category.LAUNCHER
ADDED from src\main\AndroidManifest.xml:37:13-40:29
action#android.intent.action.MAIN
ADDED from src\main\AndroidManifest.xml:38:17-69
	android:name
		ADDED from src\main\AndroidManifest.xml:38:25-66
category#android.intent.category.LAUNCHER
ADDED from src\main\AndroidManifest.xml:39:17-77
	android:name
		ADDED from src\main\AndroidManifest.xml:39:27-74
intent-filter#action:name:android.intent.action.EDIT+action:name:android.intent.action.PICK+action:name:android.intent.action.VIEW+category:name:android.intent.category.DEFAULT+data:mimeType:vnd.android.cursor.dir/vnd.google.note
ADDED from src\main\AndroidManifest.xml:41:13-48:29
	android:scheme
		ADDED from src\main\AndroidManifest.xml:41:28-49
	tools:ignore
		ADDED from src\main\AndroidManifest.xml:42:17-47
action#android.intent.action.VIEW
ADDED from src\main\AndroidManifest.xml:43:17-69
	android:name
		ADDED from src\main\AndroidManifest.xml:43:25-66
action#android.intent.action.EDIT
ADDED from src\main\AndroidManifest.xml:44:17-69
	android:name
		ADDED from src\main\AndroidManifest.xml:44:25-66
action#android.intent.action.PICK
ADDED from src\main\AndroidManifest.xml:45:17-69
	android:name
		ADDED from src\main\AndroidManifest.xml:45:25-66
category#android.intent.category.DEFAULT
ADDED from src\main\AndroidManifest.xml:46:17-76
	android:name
		ADDED from src\main\AndroidManifest.xml:46:27-73
data
ADDED from src\main\AndroidManifest.xml:47:17-83
	android:mimeType
		ADDED from src\main\AndroidManifest.xml:47:23-80
intent-filter#action:name:android.intent.action.GET_CONTENT+category:name:android.intent.category.DEFAULT+data:mimeType:vnd.android.cursor.item/vnd.google.note
ADDED from src\main\AndroidManifest.xml:49:13-53:29
action#android.intent.action.GET_CONTENT
ADDED from src\main\AndroidManifest.xml:50:17-76
	android:name
		ADDED from src\main\AndroidManifest.xml:50:25-73
activity#com.example.android.notepad.NoteSearch
ADDED from src\main\AndroidManifest.xml:55:9-56:62
	android:label
		ADDED from src\main\AndroidManifest.xml:55:45-80
	android:theme
		ADDED from src\main\AndroidManifest.xml:56:13-60
	android:name
		ADDED from src\main\AndroidManifest.xml:55:19-44
activity#com.example.android.notepad.NoteColor
ADDED from src\main\AndroidManifest.xml:57:9-60:57
	android:label
		ADDED from src\main\AndroidManifest.xml:59:13-40
	android:windowSoftInputMode
		ADDED from src\main\AndroidManifest.xml:60:13-55
	android:theme
		ADDED from src\main\AndroidManifest.xml:58:13-67
	android:name
		ADDED from src\main\AndroidManifest.xml:57:19-43
activity#com.example.android.notepad.NoteEditor
ADDED from src\main\AndroidManifest.xml:61:9-89:20
	android:screenOrientation
		ADDED from src\main\AndroidManifest.xml:63:13-47
	android:configChanges
		ADDED from src\main\AndroidManifest.xml:64:13-63
	android:theme
		ADDED from src\main\AndroidManifest.xml:62:13-60
	android:name
		ADDED from src\main\AndroidManifest.xml:61:19-44
intent-filter#action:name:android.intent.action.EDIT+action:name:android.intent.action.VIEW+action:name:com.android.notepad.action.EDIT_NOTE+category:name:android.intent.category.DEFAULT+data:mimeType:vnd.android.cursor.item/vnd.google.note
ADDED from src\main\AndroidManifest.xml:68:13-76:29
	android:label
		ADDED from src\main\AndroidManifest.xml:68:28-64
	android:scheme
		ADDED from src\main\AndroidManifest.xml:69:17-38
	tools:ignore
		ADDED from src\main\AndroidManifest.xml:70:17-47
action#com.android.notepad.action.EDIT_NOTE
ADDED from src\main\AndroidManifest.xml:73:17-79
	android:name
		ADDED from src\main\AndroidManifest.xml:73:25-76
intent-filter#action:name:android.intent.action.INSERT+action:name:android.intent.action.PASTE+category:name:android.intent.category.DEFAULT+data:mimeType:vnd.android.cursor.dir/vnd.google.note
ADDED from src\main\AndroidManifest.xml:82:13-87:29
action#android.intent.action.INSERT
ADDED from src\main\AndroidManifest.xml:83:17-71
	android:name
		ADDED from src\main\AndroidManifest.xml:83:25-68
action#android.intent.action.PASTE
ADDED from src\main\AndroidManifest.xml:84:17-70
	android:name
		ADDED from src\main\AndroidManifest.xml:84:25-67
activity#com.example.android.notepad.TitleEditor
ADDED from src\main\AndroidManifest.xml:91:9-116:20
	android:label
		ADDED from src\main\AndroidManifest.xml:92:13-53
	android:windowSoftInputMode
		ADDED from src\main\AndroidManifest.xml:95:13-55
	android:icon
		ADDED from src\main\AndroidManifest.xml:93:13-50
	android:theme
		ADDED from src\main\AndroidManifest.xml:94:13-61
	android:name
		ADDED from src\main\AndroidManifest.xml:91:19-45
intent-filter#action:name:com.android.notepad.action.EDIT_TITLE+category:name:android.intent.category.ALTERNATIVE+category:name:android.intent.category.DEFAULT+category:name:android.intent.category.SELECTED_ALTERNATIVE+data:mimeType:vnd.android.cursor.item/vnd.google.note
ADDED from src\main\AndroidManifest.xml:100:13-115:29
	android:label
		ADDED from src\main\AndroidManifest.xml:100:28-65
action#com.android.notepad.action.EDIT_TITLE
ADDED from src\main\AndroidManifest.xml:104:17-80
	android:name
		ADDED from src\main\AndroidManifest.xml:104:25-77
category#android.intent.category.ALTERNATIVE
ADDED from src\main\AndroidManifest.xml:109:17-80
	android:name
		ADDED from src\main\AndroidManifest.xml:109:27-77
category#android.intent.category.SELECTED_ALTERNATIVE
ADDED from src\main\AndroidManifest.xml:112:17-89
	android:name
		ADDED from src\main\AndroidManifest.xml:112:27-86
activity#com.example.android.notepad.NotesLiveFolder
ADDED from src\main\AndroidManifest.xml:118:9-124:20
	android:label
		ADDED from src\main\AndroidManifest.xml:118:50-90
	android:icon
		ADDED from src\main\AndroidManifest.xml:119:13-55
	android:name
		ADDED from src\main\AndroidManifest.xml:118:19-49
intent-filter#action:name:android.intent.action.CREATE_LIVE_FOLDER+category:name:android.intent.category.DEFAULT
ADDED from src\main\AndroidManifest.xml:120:13-123:29
action#android.intent.action.CREATE_LIVE_FOLDER
ADDED from src\main\AndroidManifest.xml:121:17-83
	android:name
		ADDED from src\main\AndroidManifest.xml:121:25-80
uses-sdk
INJECTED from src\main\AndroidManifest.xml reason: use-sdk injection requested
INJECTED from src\main\AndroidManifest.xml
INJECTED from src\main\AndroidManifest.xml
INJECTED from src\main\AndroidManifest.xml
INJECTED from src\main\AndroidManifest.xml
	android:targetSdkVersion
		INJECTED from src\main\AndroidManifest.xml
		ADDED from src\main\AndroidManifest.xml
		INJECTED from src\main\AndroidManifest.xml
	android:minSdkVersion
		INJECTED from src\main\AndroidManifest.xml
		ADDED from src\main\AndroidManifest.xml
		INJECTED from src\main\AndroidManifest.xml